<?xml version="1.0" encoding="UTF-8"?>
<!-- Generated by org.testng.reporters.JUnitXMLReporter -->
<testsuite hostname="LAPTOP-QM4RREJ3" ignored="0" name="Test3" tests="4" failures="1" timestamp="2020-03-21T10:50:25 EDT" time="495.909" errors="0">
  <testcase name="firstSession" time="207.531" classname="com.qanonTesting.TestNG.ThirdSession">
    <skipped/>
  </testcase> <!-- firstSession -->
  <testcase name="firstSession" time="151.476" classname="com.qanonTesting.TestNG.FirstSession"/>
  <testcase name="secondSession" time="360.922" classname="com.qanonTesting.TestNG.SecondSession">
    <skipped/>
  </testcase> <!-- secondSession -->
  <testcase name="firstSession" time="207.384" classname="com.qanonTesting.TestNG.ThirdSession">
    <failure type="java.lang.AssertionError" message="&amp;apos;FEEDS&amp;apos; PAGE NOT FOUND OR PAGE NAME NOT MATCHED!!!">
      <![CDATA[java.lang.AssertionError: 'FEEDS' PAGE NOT FOUND OR PAGE NAME NOT MATCHED!!!
at com.qanonTesting.adminMenu.Feeds2.navigateTo_FeedsPage(Feeds2.java:125)
at com.qanonTesting.TestNG.ThirdSession.firstSession(ThirdSession.java:38)
at java.util.ArrayList.forEach(ArrayList.java:1257)
at java.util.concurrent.FutureTask.run(FutureTask.java:266)
at java.util.concurrent.ThreadPoolExecutor.runWorker(ThreadPoolExecutor.java:1149)
at java.util.concurrent.ThreadPoolExecutor$Worker.run(ThreadPoolExecutor.java:624)
at java.lang.Thread.run(Thread.java:748)
... Removed 19 stack frames]]>
    </failure>
  </testcase> <!-- firstSession -->
</testsuite> <!-- Test3 -->
