<?xml version="1.0" encoding="UTF-8"?>
<testng-results skipped="0" failed="0" ignored="0" total="1" passed="1">
  <reporter-output>
  </reporter-output>
  <suite name="Default suite" duration-ms="136197" started-at="2020-05-22T09:06:06 EDT" finished-at="2020-05-22T09:08:22 EDT">
    <groups>
    </groups>
    <test name="Default test" duration-ms="136197" started-at="2020-05-22T09:06:06 EDT" finished-at="2020-05-22T09:08:22 EDT">
      <class name="com.qanonTesting.processMenu.Contracts">
        <test-method status="PASS" signature="contractPage()[pri:0, instance:com.qanonTesting.processMenu.Contracts@6f1fba17]" name="contractPage" duration-ms="136162" started-at="2020-05-22T09:06:06 EDT" finished-at="2020-05-22T09:08:22 EDT">
          <reporter-output>
          </reporter-output>
        </test-method> <!-- contractPage -->
      </class> <!-- com.qanonTesting.processMenu.Contracts -->
    </test> <!-- Default test -->
  </suite> <!-- Default suite -->
</testng-results>
