<?xml version="1.0" encoding="UTF-8"?>
<!-- Generated by org.testng.reporters.JUnitXMLReporter -->
<testsuite hostname="LAPTOP-QM4RREJ3" ignored="0" name="Test1" tests="4" failures="0" timestamp="2020-03-19T10:06:10 EDT" time="1006.964" errors="0">
  <testcase name="secondSession" time="16.497" classname="com.qanonTesting.TestNG.SecondSession">
    <skipped/>
  </testcase> <!-- secondSession -->
  <testcase name="secondSession" time="298.441" classname="com.qanonTesting.TestNG.SecondSession"/>
  <testcase name="firstSession" time="154.185" classname="com.qanonTesting.TestNG.FirstSession"/>
  <testcase name="thirdSession" time="288.724" classname="com.qanonTesting.TestNG.ThirdSession"/>
</testsuite> <!-- Test1 -->
